0 info it worked if it ends with ok
1 verbose cli [ '/usr/local/Cellar/node/5.10.0/bin/node',
1 verbose cli   '/usr/local/bin/npm',
1 verbose cli   'start' ]
2 info using npm@3.8.3
3 info using node@v5.10.0
4 verbose run-script [ 'prestart', 'start', 'poststart' ]
5 info lifecycle ternion@3.0.0~prestart: ternion@3.0.0
6 silly lifecycle ternion@3.0.0~prestart: no script for prestart, continuing
7 info lifecycle ternion@3.0.0~start: ternion@3.0.0
8 verbose lifecycle ternion@3.0.0~start: unsafe-perm in lifecycle true
9 verbose lifecycle ternion@3.0.0~start: PATH: /usr/local/lib/node_modules/npm/bin/node-gyp-bin:/Users/totomac/Workflow/Ternion/node_modules/.bin:/usr/local/Cellar/node/5.10.0/bin:/usr/local/bin:/usr/bin:/bin:/usr/sbin:/sbin
10 verbose lifecycle ternion@3.0.0~start: CWD: /Users/totomac/Workflow/Ternion
11 silly lifecycle ternion@3.0.0~start: Args: [ '-c',
11 silly lifecycle   'concurrently --kill-others "node server.js" "css:dev"' ]
12 silly lifecycle ternion@3.0.0~start: Returned: code: 1  signal: null
13 info lifecycle ternion@3.0.0~start: Failed to exec start script
14 verbose stack Error: ternion@3.0.0 start: `concurrently --kill-others "node server.js" "css:dev"`
14 verbose stack Exit status 1
14 verbose stack     at EventEmitter.<anonymous> (/usr/local/lib/node_modules/npm/lib/utils/lifecycle.js:239:16)
14 verbose stack     at emitTwo (events.js:100:13)
14 verbose stack     at EventEmitter.emit (events.js:185:7)
14 verbose stack     at ChildProcess.<anonymous> (/usr/local/lib/node_modules/npm/lib/utils/spawn.js:24:14)
14 verbose stack     at emitTwo (events.js:100:13)
14 verbose stack     at ChildProcess.emit (events.js:185:7)
14 verbose stack     at maybeClose (internal/child_process.js:850:16)
14 verbose stack     at Process.ChildProcess._handle.onexit (internal/child_process.js:215:5)
15 verbose pkgid ternion@3.0.0
16 verbose cwd /Users/totomac/Workflow/Ternion
17 error Darwin 15.6.0
18 error argv "/usr/local/Cellar/node/5.10.0/bin/node" "/usr/local/bin/npm" "start"
19 error node v5.10.0
20 error npm  v3.8.3
21 error code ELIFECYCLE
22 error ternion@3.0.0 start: `concurrently --kill-others "node server.js" "css:dev"`
22 error Exit status 1
23 error Failed at the ternion@3.0.0 start script 'concurrently --kill-others "node server.js" "css:dev"'.
23 error Make sure you have the latest version of node.js and npm installed.
23 error If you do, this is most likely a problem with the ternion package,
23 error not with npm itself.
23 error Tell the author that this fails on your system:
23 error     concurrently --kill-others "node server.js" "css:dev"
23 error You can get information on how to open an issue for this project with:
23 error     npm bugs ternion
23 error Or if that isn't available, you can get their info via:
23 error     npm owner ls ternion
23 error There is likely additional logging output above.
24 verbose exit [ 1, true ]
